Initializing connection pool...
==================================================
Starting Film Database Reset Process
==================================================
Dropping all existing tables...
  Dropping table: api_keys
  Dropping table: api_requests
  Dropping table: content_performance
  Dropping table: audit_logs
  Dropping table: comments
  Dropping table: content_approvals
  Dropping table: episodes
  Dropping table: analytics_events
  Dropping table: role_permissions
  Dropping table: permissions
  Dropping table: roles
  Dropping table: view_history
  Dropping table: watchlist
  Dropping table: users
  Dropping table: session
  Dropping table: movies
  Dropping table: sessions
All tables dropped successfully.
Generating database migrations...
Migrations generated successfully.
This command is deprecated, please use updated 'generate' command (see https://orm.drizzle.team/kit-docs/upgrade-21#how-to-migrate-to-0210)

Applying migrations to database...
