Initializing connection pool...
==================================================
Starting Film Database Reset Process
==================================================
Dropping all existing tables...
All tables dropped successfully.
Generating database schema...
Schema generation prepared. Will apply directly using push instead of migrations.
Applying migrations to database...
Created migration journal file.
Pushing schema directly to database...
Schema pushed successfully.
No config path provided, using default 'drizzle.config.ts'
Reading config file '/Users/jack/Desktop/1.PROJECT/Film_Flex_Release/drizzle.config.ts'
Using 'pg' driver for database querying
[⣷] Pulling schema from database...
[2K[1G[✓] Pulling schema from database...
[✓] Changes applied

Seeding database with initial data...
  Created admin user
  Created default roles
  Created default permissions
  Assigned permissions to roles
Database seeded successfully.
==================================================
Film Database Reset Completed Successfully!
==================================================
The database has been reinitialized with a fresh schema and initial data.
You can now start the application with a clean database.

Admin credentials:
  Username: admin
  Password: Cuongtm2012$
